Added Component: Designator=P2(HDR1X8)
Add component. Clean all parameters for all variants
Add component (AddParameter): Name = "LatestRevisionDate"; Value = "17-Jul-2002"; VariantName = "[No Variations]"
Add component (AddParameter): Name = "LatestRevisionNote"; Value = "Re-released for DXP Platform."; VariantName = "[No Variations]"
Add component (AddParameter): Name = "Publisher"; Value = "Altium Limited"; VariantName = "[No Variations]"
Added Component: Designator=P5(HDR1X8)
Add component. Clean all parameters for all variants
Add component (AddParameter): Name = "LatestRevisionDate"; Value = "17-Jul-2002"; VariantName = "[No Variations]"
Add component (AddParameter): Name = "LatestRevisionNote"; Value = "Re-released for DXP Platform."; VariantName = "[No Variations]"
Add component (AddParameter): Name = "Publisher"; Value = "Altium Limited"; VariantName = "[No Variations]"
Added Pin To Net: NetName=TIM4_CH1 Pin=P2-1
Added Pin To Net: NetName=TIM4_CH2 Pin=P2-2
Added Pin To Net: NetName=TIM3_CH3 Pin=P2-3
Added Pin To Net: NetName=TIM3_CH4 Pin=P2-4
Added Pin To Net: NetName=TIM5_CH1 Pin=P2-5
Added Pin To Net: NetName=TIM5_CH2 Pin=P2-6
Added Pin To Net: NetName=TIM5_CH3 Pin=P2-7
Added Pin To Net: NetName=TIM5_CH4 Pin=P2-8
Added Pin To Net: NetName=TIM3_CH1 Pin=P5-1
Added Pin To Net: NetName=TIM3_CH2 Pin=P5-2
Added Pin To Net: NetName=TIM4_CH3 Pin=P5-3
Added Pin To Net: NetName=TIM4_CH4 Pin=P5-4
Added Pin To Net: NetName=TIM8_CH1 Pin=P5-5
Added Pin To Net: NetName=TIM8_CH2 Pin=P5-6
Added Pin To Net: NetName=TIM8_CH3 Pin=P5-7
Added Pin To Net: NetName=TIM8_CH4 Pin=P5-8
Added Member To Class: ClassName=Sheet3 Member=Component P2 Header 8
Added Member To Class: ClassName=Sheet3 Member=Component P5 Header 8
