Added Component: Designator=P21(HDR2X8)
Add component. Clean all parameters for all variants
Add component (AddParameter): Name = "LatestRevisionDate"; Value = "17-Jul-2002"; VariantName = "[No Variations]"
Add component (AddParameter): Name = "LatestRevisionNote"; Value = "Re-released for DXP Platform."; VariantName = "[No Variations]"
Add component (AddParameter): Name = "Publisher"; Value = "Altium Limited"; VariantName = "[No Variations]"
Added Component: Designator=U2(ASM1117)
Add component. Clean all parameters for all variants
Added Pin To Net: NetName=EXIT0 Pin=P21-1
Added Pin To Net: NetName=EXIT15 Pin=P21-2
Added Pin To Net: NetName=EXIT1 Pin=P21-3
Added Pin To Net: NetName=EXIT14 Pin=P21-4
Added Pin To Net: NetName=EXIT2 Pin=P21-5
Added Pin To Net: NetName=EXIT13 Pin=P21-6
Added Pin To Net: NetName=EXIT3 Pin=P21-7
Added Pin To Net: NetName=EXIT12 Pin=P21-8
Added Pin To Net: NetName=EXIT4 Pin=P21-9
Added Pin To Net: NetName=EXIT11 Pin=P21-10
Added Pin To Net: NetName=EXIT5 Pin=P21-11
Added Pin To Net: NetName=EXIT10 Pin=P21-12
Added Pin To Net: NetName=EXIT6 Pin=P21-13
Added Pin To Net: NetName=EXIT9 Pin=P21-14
Added Pin To Net: NetName=EXIT7 Pin=P21-15
Added Pin To Net: NetName=EXIT8 Pin=P21-16
Added Pin To Net: NetName=GND Pin=U2-1
Added Pin To Net: NetName=VCC Pin=U2-2
Added Pin To Net: NetName=NetC27_1 Pin=U2-3
Added Member To Class: ClassName=Sheet3 Member=Component P3 Header 8
Added Member To Class: ClassName=Sheet3 Member=Component P6 Header 8
Added Member To Class: ClassName=Sheet4 Member=Component P21 Header 8X2
Added Member To Class: ClassName=Sheet4 Member=Component U2 AMS1117-3.3
