Added Component: Designator=C10(0402)
Add component. Clean all parameters for all variants
Added Component: Designator=C11(0402)
Add component. Clean all parameters for all variants
Added Component: Designator=C12(0402)
Add component. Clean all parameters for all variants
Added Component: Designator=C13(0402)
Add component. Clean all parameters for all variants
Added Component: Designator=C14(0402)
Add component. Clean all parameters for all variants
Added Component: Designator=C15(0402)
Add component. Clean all parameters for all variants
Added Component: Designator=C16(0402)
Add component. Clean all parameters for all variants
Added Component: Designator=C17(0402)
Add component. Clean all parameters for all variants
Added Component: Designator=C18(0402)
Add component. Clean all parameters for all variants
Added Component: Designator=C19(0402)
Add component. Clean all parameters for all variants
Added Component: Designator=C20(0402)
Add component. Clean all parameters for all variants
Added Pin To Net: NetName=GND Pin=C10-1
Added Pin To Net: NetName=VCC Pin=C10-2
Added Pin To Net: NetName=GND Pin=C11-1
Added Pin To Net: NetName=VCC Pin=C11-2
Added Pin To Net: NetName=GND Pin=C12-1
Added Pin To Net: NetName=VCC Pin=C12-2
Added Pin To Net: NetName=GND Pin=C13-1
Added Pin To Net: NetName=VCC Pin=C13-2
Added Pin To Net: NetName=GND Pin=C14-1
Added Pin To Net: NetName=VCC Pin=C14-2
Added Pin To Net: NetName=GND Pin=C15-1
Added Pin To Net: NetName=VCC Pin=C15-2
Added Pin To Net: NetName=GND Pin=C16-1
Added Pin To Net: NetName=VCC Pin=C16-2
Added Pin To Net: NetName=GND Pin=C17-1
Added Pin To Net: NetName=VCC Pin=C17-2
Added Pin To Net: NetName=GND Pin=C18-1
Added Pin To Net: NetName=VCC Pin=C18-2
Added Pin To Net: NetName=GND Pin=C19-1
Added Pin To Net: NetName=VCC Pin=C19-2
Added Pin To Net: NetName=GND Pin=C20-1
Added Pin To Net: NetName=VCC Pin=C20-2
Added Member To Class: ClassName=Sheet4 Member=Component C10 0.1uf
Added Member To Class: ClassName=Sheet4 Member=Component C11 0.1uf
Added Member To Class: ClassName=Sheet4 Member=Component C12 0.1uf
Added Member To Class: ClassName=Sheet4 Member=Component C13 0.1uf
Added Member To Class: ClassName=Sheet4 Member=Component C14 0.1uf
Added Member To Class: ClassName=Sheet4 Member=Component C15 0.1uf
Added Member To Class: ClassName=Sheet4 Member=Component C16 0.1uf
Added Member To Class: ClassName=Sheet4 Member=Component C17 0.1uf
Added Member To Class: ClassName=Sheet4 Member=Component C18 0.1uf
Added Member To Class: ClassName=Sheet4 Member=Component C19 0.1uf
Added Member To Class: ClassName=Sheet4 Member=Component C20 C
