Added Component: Designator=Buzzer1(BUZZER)
Add component. Clean all parameters for all variants
Added Component: Designator=C1(0402)
Add component. Clean all parameters for all variants
Added Component: Designator=C2(0402)
Add component. Clean all parameters for all variants
Added Component: Designator=C3(0402)
Add component. Clean all parameters for all variants
Added Component: Designator=C4(0402)
Add component. Clean all parameters for all variants
Added Component: Designator=C5(0402)
Add component. Clean all parameters for all variants
Added Component: Designator=C6(0402)
Add component. Clean all parameters for all variants
Added Component: Designator=C7(0402)
Add component. Clean all parameters for all variants
Added Component: Designator=C8(0402)
Add component. Clean all parameters for all variants
Added Component: Designator=C9(0402)
Add component. Clean all parameters for all variants
Added Component: Designator=C10(0402)
Add component. Clean all parameters for all variants
Added Component: Designator=C11(0402)
Add component. Clean all parameters for all variants
Added Component: Designator=C12(0402)
Add component. Clean all parameters for all variants
Added Component: Designator=C13(0402)
Add component. Clean all parameters for all variants
Added Component: Designator=C14(0402)
Add component. Clean all parameters for all variants
Added Component: Designator=C15(0402)
Add component. Clean all parameters for all variants
Added Component: Designator=C16(0402)
Add component. Clean all parameters for all variants
Added Component: Designator=C17(0402)
Add component. Clean all parameters for all variants
Added Component: Designator=C18(0402)
Add component. Clean all parameters for all variants
Added Component: Designator=C19(0402)
Add component. Clean all parameters for all variants
Added Component: Designator=C20(0402)
Add component. Clean all parameters for all variants
Added Component: Designator=C21(0402)
Add component. Clean all parameters for all variants
Added Component: Designator=C22(0402)
Add component. Clean all parameters for all variants
Added Component: Designator=C23(0402)
Add component. Clean all parameters for all variants
Added Component: Designator=C24(0402)
Add component. Clean all parameters for all variants
Added Component: Designator=C25(0402)
Add component. Clean all parameters for all variants
Added Component: Designator=C26(0402)
Add component. Clean all parameters for all variants
Added Component: Designator=C27(0402)
Add component. Clean all parameters for all variants
Added Component: Designator=C28(0402)
Add component. Clean all parameters for all variants
Added Component: Designator=D1(DIODE)
Add component. Clean all parameters for all variants
Added Component: Designator=F1(0805)
Add component. Clean all parameters for all variants
Added Component: Designator=KEY1(6*6*5Çá´¥¿ª¹Ø)
Add component. Clean all parameters for all variants
Added Component: Designator=LED1(0603)
Add component. Clean all parameters for all variants
Added Component: Designator=LED2(0603)
Add component. Clean all parameters for all variants
Added Component: Designator=LED3(0603)
Add component. Clean all parameters for all variants
Added Component: Designator=LED4(0603)
Add component. Clean all parameters for all variants
Added Component: Designator=LED5(0603)
Add component. Clean all parameters for all variants
Added Component: Designator=LED6(0603)
Add component. Clean all parameters for all variants
Added Component: Designator=LED7(0603)
Add component. Clean all parameters for all variants
Added Component: Designator=LED8(0603)
Add component. Clean all parameters for all variants
Added Component: Designator=LED9(0603)
Add component. Clean all parameters for all variants
Added Component: Designator=LED10(0603)
Add component. Clean all parameters for all variants
Added Component: Designator=LED11(0603)
Add component. Clean all parameters for all variants
Added Component: Designator=LM1(LM324)
Add component. Clean all parameters for all variants
Added Component: Designator=P1(HDR1X4)
Add component. Clean all parameters for all variants
Add component (AddParameter): Name = "LatestRevisionDate"; Value = "17-Jul-2002"; VariantName = "[No Variations]"
Add component (AddParameter): Name = "LatestRevisionNote"; Value = "Re-released for DXP Platform."; VariantName = "[No Variations]"
Add component (AddParameter): Name = "Publisher"; Value = "Altium Limited"; VariantName = "[No Variations]"
Added Component: Designator=P2(HDR1X8)
Add component. Clean all parameters for all variants
Add component (AddParameter): Name = "LatestRevisionDate"; Value = "17-Jul-2002"; VariantName = "[No Variations]"
Add component (AddParameter): Name = "LatestRevisionNote"; Value = "Re-released for DXP Platform."; VariantName = "[No Variations]"
Add component (AddParameter): Name = "Publisher"; Value = "Altium Limited"; VariantName = "[No Variations]"
Added Component: Designator=P3(HDR1X8)
Add component. Clean all parameters for all variants
Add component (AddParameter): Name = "LatestRevisionDate"; Value = "17-Jul-2002"; VariantName = "[No Variations]"
Add component (AddParameter): Name = "LatestRevisionNote"; Value = "Re-released for DXP Platform."; VariantName = "[No Variations]"
Add component (AddParameter): Name = "Publisher"; Value = "Altium Limited"; VariantName = "[No Variations]"
Added Component: Designator=P4(HDR1X8)
Add component. Clean all parameters for all variants
Add component (AddParameter): Name = "LatestRevisionDate"; Value = "17-Jul-2002"; VariantName = "[No Variations]"
Add component (AddParameter): Name = "LatestRevisionNote"; Value = "Re-released for DXP Platform."; VariantName = "[No Variations]"
Add component (AddParameter): Name = "Publisher"; Value = "Altium Limited"; VariantName = "[No Variations]"
Added Component: Designator=P5(HDR1X8)
Add component. Clean all parameters for all variants
Add component (AddParameter): Name = "LatestRevisionDate"; Value = "17-Jul-2002"; VariantName = "[No Variations]"
Add component (AddParameter): Name = "LatestRevisionNote"; Value = "Re-released for DXP Platform."; VariantName = "[No Variations]"
Add component (AddParameter): Name = "Publisher"; Value = "Altium Limited"; VariantName = "[No Variations]"
Added Component: Designator=P6(HDR1X8)
Add component. Clean all parameters for all variants
Add component (AddParameter): Name = "LatestRevisionDate"; Value = "17-Jul-2002"; VariantName = "[No Variations]"
Add component (AddParameter): Name = "LatestRevisionNote"; Value = "Re-released for DXP Platform."; VariantName = "[No Variations]"
Add component (AddParameter): Name = "Publisher"; Value = "Altium Limited"; VariantName = "[No Variations]"
Added Component: Designator=P7(HDR1X8)
Add component. Clean all parameters for all variants
Add component (AddParameter): Name = "LatestRevisionDate"; Value = "17-Jul-2002"; VariantName = "[No Variations]"
Add component (AddParameter): Name = "LatestRevisionNote"; Value = "Re-released for DXP Platform."; VariantName = "[No Variations]"
Add component (AddParameter): Name = "Publisher"; Value = "Altium Limited"; VariantName = "[No Variations]"
Added Component: Designator=P8(HDR1X4)
Add component. Clean all parameters for all variants
Add component (AddParameter): Name = "LatestRevisionDate"; Value = "17-Jul-2002"; VariantName = "[No Variations]"
Add component (AddParameter): Name = "LatestRevisionNote"; Value = "Re-released for DXP Platform."; VariantName = "[No Variations]"
Add component (AddParameter): Name = "Publisher"; Value = "Altium Limited"; VariantName = "[No Variations]"
Added Component: Designator=P9(HDR1X7)
Add component. Clean all parameters for all variants
Add component (AddParameter): Name = "LatestRevisionDate"; Value = "17-Jul-2002"; VariantName = "[No Variations]"
Add component (AddParameter): Name = "LatestRevisionNote"; Value = "Re-released for DXP Platform."; VariantName = "[No Variations]"
Add component (AddParameter): Name = "Publisher"; Value = "Altium Limited"; VariantName = "[No Variations]"
Added Component: Designator=P10(HDR1X4)
Add component. Clean all parameters for all variants
Add component (AddParameter): Name = "LatestRevisionDate"; Value = "17-Jul-2002"; VariantName = "[No Variations]"
Add component (AddParameter): Name = "LatestRevisionNote"; Value = "Re-released for DXP Platform."; VariantName = "[No Variations]"
Add component (AddParameter): Name = "Publisher"; Value = "Altium Limited"; VariantName = "[No Variations]"
Added Component: Designator=P11(GH1.25_2P)
Add component. Clean all parameters for all variants
Add component (AddParameter): Name = "LatestRevisionDate"; Value = "17-Jul-2002"; VariantName = "[No Variations]"
Add component (AddParameter): Name = "LatestRevisionNote"; Value = "Re-released for DXP Platform."; VariantName = "[No Variations]"
Add component (AddParameter): Name = "Publisher"; Value = "Altium Limited"; VariantName = "[No Variations]"
Added Component: Designator=P12(GH1.25_4P)
Add component. Clean all parameters for all variants
Add component (AddParameter): Name = "LatestRevisionDate"; Value = "17-Jul-2002"; VariantName = "[No Variations]"
Add component (AddParameter): Name = "LatestRevisionNote"; Value = "Re-released for DXP Platform."; VariantName = "[No Variations]"
Add component (AddParameter): Name = "Publisher"; Value = "Altium Limited"; VariantName = "[No Variations]"
Added Component: Designator=P13(HDR1X6)
Add component. Clean all parameters for all variants
Add component (AddParameter): Name = "LatestRevisionDate"; Value = "17-Jul-2002"; VariantName = "[No Variations]"
Add component (AddParameter): Name = "LatestRevisionNote"; Value = "Re-released for DXP Platform."; VariantName = "[No Variations]"
Add component (AddParameter): Name = "Publisher"; Value = "Altium Limited"; VariantName = "[No Variations]"
Added Component: Designator=P14(GH1.25_4P)
Add component. Clean all parameters for all variants
Add component (AddParameter): Name = "LatestRevisionDate"; Value = "17-Jul-2002"; VariantName = "[No Variations]"
Add component (AddParameter): Name = "LatestRevisionNote"; Value = "Re-released for DXP Platform."; VariantName = "[No Variations]"
Add component (AddParameter): Name = "Publisher"; Value = "Altium Limited"; VariantName = "[No Variations]"
Added Component: Designator=P15(GH1.25_4P)
Add component. Clean all parameters for all variants
Add component (AddParameter): Name = "LatestRevisionDate"; Value = "17-Jul-2002"; VariantName = "[No Variations]"
Add component (AddParameter): Name = "LatestRevisionNote"; Value = "Re-released for DXP Platform."; VariantName = "[No Variations]"
Add component (AddParameter): Name = "Publisher"; Value = "Altium Limited"; VariantName = "[No Variations]"
Added Component: Designator=P16(HDR1X6)
Add component. Clean all parameters for all variants
Add component (AddParameter): Name = "LatestRevisionDate"; Value = "17-Jul-2002"; VariantName = "[No Variations]"
Add component (AddParameter): Name = "LatestRevisionNote"; Value = "Re-released for DXP Platform."; VariantName = "[No Variations]"
Add component (AddParameter): Name = "Publisher"; Value = "Altium Limited"; VariantName = "[No Variations]"
Added Component: Designator=P17(GH1.25_4P)
Add component. Clean all parameters for all variants
Add component (AddParameter): Name = "LatestRevisionDate"; Value = "17-Jul-2002"; VariantName = "[No Variations]"
Add component (AddParameter): Name = "LatestRevisionNote"; Value = "Re-released for DXP Platform."; VariantName = "[No Variations]"
Add component (AddParameter): Name = "Publisher"; Value = "Altium Limited"; VariantName = "[No Variations]"
Added Component: Designator=P18(GH1.25_4P)
Add component. Clean all parameters for all variants
Add component (AddParameter): Name = "LatestRevisionDate"; Value = "17-Jul-2002"; VariantName = "[No Variations]"
Add component (AddParameter): Name = "LatestRevisionNote"; Value = "Re-released for DXP Platform."; VariantName = "[No Variations]"
Add component (AddParameter): Name = "Publisher"; Value = "Altium Limited"; VariantName = "[No Variations]"
Added Component: Designator=P19(GH1.25_4P)
Add component. Clean all parameters for all variants
Add component (AddParameter): Name = "LatestRevisionDate"; Value = "17-Jul-2002"; VariantName = "[No Variations]"
Add component (AddParameter): Name = "LatestRevisionNote"; Value = "Re-released for DXP Platform."; VariantName = "[No Variations]"
Add component (AddParameter): Name = "Publisher"; Value = "Altium Limited"; VariantName = "[No Variations]"
Added Component: Designator=P20(XT30-PW-M)
Add component. Clean all parameters for all variants
Add component (AddParameter): Name = "LatestRevisionDate"; Value = "17-Jul-2002"; VariantName = "[No Variations]"
Add component (AddParameter): Name = "LatestRevisionNote"; Value = "Re-released for DXP Platform."; VariantName = "[No Variations]"
Add component (AddParameter): Name = "Publisher"; Value = "Altium Limited"; VariantName = "[No Variations]"
Added Component: Designator=P21(HDR2X8)
Add component. Clean all parameters for all variants
Add component (AddParameter): Name = "LatestRevisionDate"; Value = "17-Jul-2002"; VariantName = "[No Variations]"
Add component (AddParameter): Name = "LatestRevisionNote"; Value = "Re-released for DXP Platform."; VariantName = "[No Variations]"
Add component (AddParameter): Name = "Publisher"; Value = "Altium Limited"; VariantName = "[No Variations]"
Added Component: Designator=Q1(SOT-23R)
Add component. Clean all parameters for all variants
Added Component: Designator=R1(0402)
Add component. Clean all parameters for all variants
Added Component: Designator=R2(0402)
Add component. Clean all parameters for all variants
Added Component: Designator=R3(0402)
Add component. Clean all parameters for all variants
Added Component: Designator=R4(0402)
Add component. Clean all parameters for all variants
Added Component: Designator=R5(0402)
Add component. Clean all parameters for all variants
Added Component: Designator=R6(0402)
Add component. Clean all parameters for all variants
Added Component: Designator=R7(0402)
Add component. Clean all parameters for all variants
Added Component: Designator=R8(0402)
Add component. Clean all parameters for all variants
Added Component: Designator=R9(0402)
Add component. Clean all parameters for all variants
Added Component: Designator=R10(0402)
Add component. Clean all parameters for all variants
Added Component: Designator=R11(0402)
Add component. Clean all parameters for all variants
Added Component: Designator=R12(0402)
Add component. Clean all parameters for all variants
Added Component: Designator=R13(0402)
Add component. Clean all parameters for all variants
Added Component: Designator=R14(0402)
Add component. Clean all parameters for all variants
Added Component: Designator=R15(0402)
Add component. Clean all parameters for all variants
Added Component: Designator=R16(0402)
Add component. Clean all parameters for all variants
Added Component: Designator=R17(0402)
Add component. Clean all parameters for all variants
Added Component: Designator=R18(0402)
Add component. Clean all parameters for all variants
Added Component: Designator=R19(0402)
Add component. Clean all parameters for all variants
Added Component: Designator=R20(0402)
Add component. Clean all parameters for all variants
Added Component: Designator=R21(0402)
Add component. Clean all parameters for all variants
Added Component: Designator=R22(0402)
Add component. Clean all parameters for all variants
Added Component: Designator=R23(0402)
Add component. Clean all parameters for all variants
Added Component: Designator=R24(0402)
Add component. Clean all parameters for all variants
Added Component: Designator=R25(0402)
Add component. Clean all parameters for all variants
Added Component: Designator=R26(0402)
Add component. Clean all parameters for all variants
Added Component: Designator=R27(0402)
Add component. Clean all parameters for all variants
Added Component: Designator=R28(0402)
Add component. Clean all parameters for all variants
Added Component: Designator=R29(0402)
Add component. Clean all parameters for all variants
Added Component: Designator=R30(0402)
Add component. Clean all parameters for all variants
Added Component: Designator=R31(0402)
Add component. Clean all parameters for all variants
Added Component: Designator=RGB1(RGB_LED)
Add component. Clean all parameters for all variants
Added Component: Designator=S1(SWITCH_2P)
Add component. Clean all parameters for all variants
Added Component: Designator=TJA1(TJA1050)
Add component. Clean all parameters for all variants
Added Component: Designator=u1(STM32F103ZETx)
Add component. Clean all parameters for all variants
Added Component: Designator=U2(ASM1117)
Add component. Clean all parameters for all variants
Added Component: Designator=x1(8M¾§Õñ)
Add component. Clean all parameters for all variants
Added Pin To Net: NetName=ADC1_IN10 Pin=LM1-1
Added Pin To Net: NetName=ADC1_IN10 Pin=LM1-2
Added Pin To Net: NetName=ADC1_IN10 Pin=u1-26
Added Net: Name=ADC1_IN10
Added Pin To Net: NetName=ADC1_IN11 Pin=LM1-6
Added Pin To Net: NetName=ADC1_IN11 Pin=LM1-7
Added Pin To Net: NetName=ADC1_IN11 Pin=u1-27
Added Net: Name=ADC1_IN11
Added Pin To Net: NetName=ADC1_IN12 Pin=LM1-8
Added Pin To Net: NetName=ADC1_IN12 Pin=LM1-9
Added Pin To Net: NetName=ADC1_IN12 Pin=u1-28
Added Net: Name=ADC1_IN12
Added Pin To Net: NetName=ADC1_IN13 Pin=LM1-13
Added Pin To Net: NetName=ADC1_IN13 Pin=LM1-14
Added Pin To Net: NetName=ADC1_IN13 Pin=u1-29
Added Net: Name=ADC1_IN13
Added Pin To Net: NetName=ADC_CH1 Pin=P10-1
Added Pin To Net: NetName=ADC_CH1 Pin=R8-2
Added Net: Name=ADC_CH1
Added Pin To Net: NetName=ADC_CH2 Pin=P10-2
Added Pin To Net: NetName=ADC_CH2 Pin=R11-2
Added Net: Name=ADC_CH2
Added Pin To Net: NetName=ADC_CH3 Pin=P10-3
Added Pin To Net: NetName=ADC_CH3 Pin=R12-2
Added Net: Name=ADC_CH3
Added Pin To Net: NetName=ADC_CH4 Pin=P10-4
Added Pin To Net: NetName=ADC_CH4 Pin=R5-1
Added Net: Name=ADC_CH4
Added Pin To Net: NetName=BOOT0 Pin=R3-1
Added Pin To Net: NetName=BOOT0 Pin=S1-2
Added Pin To Net: NetName=BOOT0 Pin=u1-138
Added Net: Name=BOOT0
Added Pin To Net: NetName=BOOT1 Pin=R4-2
Added Pin To Net: NetName=BOOT1 Pin=S1-4
Added Pin To Net: NetName=BOOT1 Pin=u1-48
Added Net: Name=BOOT1
Added Pin To Net: NetName=Buzzer Pin=R13-1
Added Pin To Net: NetName=Buzzer Pin=u1-60
Added Net: Name=Buzzer
Added Pin To Net: NetName=CAN_RX Pin=TJA1-4
Added Pin To Net: NetName=CAN_RX Pin=u1-103
Added Net: Name=CAN_RX
Added Pin To Net: NetName=CAN_TX Pin=TJA1-1
Added Pin To Net: NetName=CAN_TX Pin=u1-104
Added Net: Name=CAN_TX
Added Pin To Net: NetName=CANH Pin=C8-2
Added Pin To Net: NetName=CANH Pin=P11-1
Added Pin To Net: NetName=CANH Pin=R14-2
Added Pin To Net: NetName=CANH Pin=R17-2
Added Net: Name=CANH
Added Pin To Net: NetName=CANL Pin=C9-2
Added Pin To Net: NetName=CANL Pin=P11-2
Added Pin To Net: NetName=CANL Pin=R15-2
Added Pin To Net: NetName=CANL Pin=R17-1
Added Net: Name=CANL
Added Pin To Net: NetName=CS Pin=P9-7
Added Pin To Net: NetName=CS Pin=u1-79
Added Net: Name=CS
Added Pin To Net: NetName=DC Pin=P9-6
Added Pin To Net: NetName=DC Pin=u1-78
Added Net: Name=DC
Added Pin To Net: NetName=EXIT0 Pin=P21-1
Added Pin To Net: NetName=EXIT0 Pin=u1-56
Added Net: Name=EXIT0
Added Pin To Net: NetName=EXIT1 Pin=P21-3
Added Pin To Net: NetName=EXIT1 Pin=u1-57
Added Net: Name=EXIT1
Added Pin To Net: NetName=EXIT2 Pin=P21-5
Added Pin To Net: NetName=EXIT2 Pin=u1-87
Added Net: Name=EXIT2
Added Pin To Net: NetName=EXIT3 Pin=P21-7
Added Pin To Net: NetName=EXIT3 Pin=u1-88
Added Net: Name=EXIT3
Added Pin To Net: NetName=EXIT4 Pin=P21-9
Added Pin To Net: NetName=EXIT4 Pin=u1-89
Added Net: Name=EXIT4
Added Pin To Net: NetName=EXIT5 Pin=P21-11
Added Pin To Net: NetName=EXIT5 Pin=u1-90
Added Net: Name=EXIT5
Added Pin To Net: NetName=EXIT6 Pin=P21-13
Added Pin To Net: NetName=EXIT6 Pin=u1-91
Added Net: Name=EXIT6
Added Pin To Net: NetName=EXIT7 Pin=P21-15
Added Pin To Net: NetName=EXIT7 Pin=u1-92
Added Net: Name=EXIT7
Added Pin To Net: NetName=EXIT8 Pin=P21-16
Added Pin To Net: NetName=EXIT8 Pin=u1-93
Added Net: Name=EXIT8
Added Pin To Net: NetName=EXIT9 Pin=P21-14
Added Pin To Net: NetName=EXIT9 Pin=u1-124
Added Net: Name=EXIT9
Added Pin To Net: NetName=EXIT10 Pin=P21-12
Added Pin To Net: NetName=EXIT10 Pin=u1-125
Added Net: Name=EXIT10
Added Pin To Net: NetName=EXIT11 Pin=P21-10
Added Pin To Net: NetName=EXIT11 Pin=u1-126
Added Net: Name=EXIT11
Added Pin To Net: NetName=EXIT12 Pin=P21-8
Added Pin To Net: NetName=EXIT12 Pin=u1-127
Added Net: Name=EXIT12
Added Pin To Net: NetName=EXIT13 Pin=P21-6
Added Pin To Net: NetName=EXIT13 Pin=u1-128
Added Net: Name=EXIT13
Added Pin To Net: NetName=EXIT14 Pin=P21-4
Added Pin To Net: NetName=EXIT14 Pin=u1-129
Added Net: Name=EXIT14
Added Pin To Net: NetName=EXIT15 Pin=P21-2
Added Net: Name=EXIT15
Added Pin To Net: NetName=GND Pin=C1-2
Added Pin To Net: NetName=GND Pin=C2-1
Added Pin To Net: NetName=GND Pin=C3-2
Added Pin To Net: NetName=GND Pin=C4-2
Added Pin To Net: NetName=GND Pin=C5-1
Added Pin To Net: NetName=GND Pin=C6-1
Added Pin To Net: NetName=GND Pin=C7-2
Added Pin To Net: NetName=GND Pin=C8-1
Added Pin To Net: NetName=GND Pin=C9-1
Added Pin To Net: NetName=GND Pin=C10-1
Added Pin To Net: NetName=GND Pin=C11-1
Added Pin To Net: NetName=GND Pin=C12-1
Added Pin To Net: NetName=GND Pin=C13-1
Added Pin To Net: NetName=GND Pin=C14-1
Added Pin To Net: NetName=GND Pin=C15-1
Added Pin To Net: NetName=GND Pin=C16-1
Added Pin To Net: NetName=GND Pin=C17-1
Added Pin To Net: NetName=GND Pin=C18-1
Added Pin To Net: NetName=GND Pin=C19-1
Added Pin To Net: NetName=GND Pin=C20-1
Added Pin To Net: NetName=GND Pin=C21-1
Added Pin To Net: NetName=GND Pin=C22-1
Added Pin To Net: NetName=GND Pin=C23-1
Added Pin To Net: NetName=GND Pin=C24-1
Added Pin To Net: NetName=GND Pin=C25-2
Added Pin To Net: NetName=GND Pin=C26-2
Added Pin To Net: NetName=GND Pin=C27-2
Added Pin To Net: NetName=GND Pin=C28-2
Added Pin To Net: NetName=GND Pin=KEY1-1
Added Pin To Net: NetName=GND Pin=KEY1-2
Added Pin To Net: NetName=GND Pin=LED1-2
Added Pin To Net: NetName=GND Pin=LED2-2
Added Pin To Net: NetName=GND Pin=LED3-2
Added Pin To Net: NetName=GND Pin=LED4-2
Added Pin To Net: NetName=GND Pin=LED5-2
Added Pin To Net: NetName=GND Pin=LED6-2
Added Pin To Net: NetName=GND Pin=LED7-2
Added Pin To Net: NetName=GND Pin=LED8-2
Added Pin To Net: NetName=GND Pin=LED9-2
Added Pin To Net: NetName=GND Pin=LED10-2
Added Pin To Net: NetName=GND Pin=LED11-2
Added Pin To Net: NetName=GND Pin=LM1-11
Added Pin To Net: NetName=GND Pin=P1-3
Added Pin To Net: NetName=GND Pin=P4-1
Added Pin To Net: NetName=GND Pin=P4-2
Added Pin To Net: NetName=GND Pin=P4-3
Added Pin To Net: NetName=GND Pin=P4-4
Added Pin To Net: NetName=GND Pin=P4-5
Added Pin To Net: NetName=GND Pin=P4-6
Added Pin To Net: NetName=GND Pin=P4-7
Added Pin To Net: NetName=GND Pin=P4-8
Added Pin To Net: NetName=GND Pin=P7-1
Added Pin To Net: NetName=GND Pin=P7-2
Added Pin To Net: NetName=GND Pin=P7-3
Added Pin To Net: NetName=GND Pin=P7-4
Added Pin To Net: NetName=GND Pin=P7-5
Added Pin To Net: NetName=GND Pin=P7-6
Added Pin To Net: NetName=GND Pin=P7-7
Added Pin To Net: NetName=GND Pin=P7-8
Added Pin To Net: NetName=GND Pin=P8-1
Added Pin To Net: NetName=GND Pin=P8-2
Added Pin To Net: NetName=GND Pin=P8-3
Added Pin To Net: NetName=GND Pin=P8-4
Added Pin To Net: NetName=GND Pin=P9-1
Added Pin To Net: NetName=GND Pin=P12-4
Added Pin To Net: NetName=GND Pin=P13-6
Added Pin To Net: NetName=GND Pin=P14-4
Added Pin To Net: NetName=GND Pin=P15-4
Added Pin To Net: NetName=GND Pin=P16-6
Added Pin To Net: NetName=GND Pin=P17-4
Added Pin To Net: NetName=GND Pin=P18-4
Added Pin To Net: NetName=GND Pin=P19-4
Added Pin To Net: NetName=GND Pin=P20-2
Added Pin To Net: NetName=GND Pin=Q1-1
Added Pin To Net: NetName=GND Pin=R6-1
Added Pin To Net: NetName=GND Pin=R7-1
Added Pin To Net: NetName=GND Pin=R9-1
Added Pin To Net: NetName=GND Pin=R10-1
Added Pin To Net: NetName=GND Pin=R16-1
Added Pin To Net: NetName=GND Pin=S1-1
Added Pin To Net: NetName=GND Pin=S1-3
Added Pin To Net: NetName=GND Pin=TJA1-3
Added Pin To Net: NetName=GND Pin=TJA1-8
Added Pin To Net: NetName=GND Pin=u1-16
Added Pin To Net: NetName=GND Pin=u1-30
Added Pin To Net: NetName=GND Pin=u1-31
Added Pin To Net: NetName=GND Pin=u1-38
Added Pin To Net: NetName=GND Pin=u1-51
Added Pin To Net: NetName=GND Pin=u1-61
Added Pin To Net: NetName=GND Pin=u1-71
Added Pin To Net: NetName=GND Pin=u1-83
Added Pin To Net: NetName=GND Pin=u1-94
Added Pin To Net: NetName=GND Pin=u1-107
Added Pin To Net: NetName=GND Pin=u1-120
Added Pin To Net: NetName=GND Pin=u1-130
Added Pin To Net: NetName=GND Pin=u1-143
Added Pin To Net: NetName=GND Pin=U2-1
Added Net: Name=GND
Added Pin To Net: NetName=I2C1_SCL Pin=P15-2
Added Pin To Net: NetName=I2C1_SCL Pin=u1-136
Added Net: Name=I2C1_SCL
Added Pin To Net: NetName=I2C1_SDA Pin=P15-3
Added Pin To Net: NetName=I2C1_SDA Pin=u1-137
Added Net: Name=I2C1_SDA
Added Pin To Net: NetName=I2C2_SCL Pin=P19-2
Added Pin To Net: NetName=I2C2_SCL Pin=u1-69
Added Net: Name=I2C2_SCL
Added Pin To Net: NetName=I2C2_SDA Pin=P19-3
Added Pin To Net: NetName=I2C2_SDA Pin=u1-70
Added Net: Name=I2C2_SDA
Added Pin To Net: NetName=LED0 Pin=R20-2
Added Pin To Net: NetName=LED0 Pin=u1-11
Added Net: Name=LED0
Added Pin To Net: NetName=LED1 Pin=R21-2
Added Pin To Net: NetName=LED1 Pin=u1-12
Added Net: Name=LED1
Added Pin To Net: NetName=LED2 Pin=R22-2
Added Pin To Net: NetName=LED2 Pin=u1-13
Added Net: Name=LED2
Added Pin To Net: NetName=LED3 Pin=R23-2
Added Pin To Net: NetName=LED3 Pin=u1-14
Added Net: Name=LED3
Added Pin To Net: NetName=LED4 Pin=R24-2
Added Pin To Net: NetName=LED4 Pin=u1-15
Added Net: Name=LED4
Added Pin To Net: NetName=LED5 Pin=R25-2
Added Pin To Net: NetName=LED5 Pin=u1-18
Added Net: Name=LED5
Added Pin To Net: NetName=LED6 Pin=R26-2
Added Pin To Net: NetName=LED6 Pin=u1-19
Added Net: Name=LED6
Added Pin To Net: NetName=LED7 Pin=R27-2
Added Pin To Net: NetName=LED7 Pin=u1-20
Added Net: Name=LED7
Added Pin To Net: NetName=LED8 Pin=R28-2
Added Pin To Net: NetName=LED8 Pin=u1-21
Added Net: Name=LED8
Added Pin To Net: NetName=LED9 Pin=R29-2
Added Pin To Net: NetName=LED9 Pin=u1-22
Added Net: Name=LED9
Added Pin To Net: NetName=MOSI/D1 Pin=P9-4
Added Pin To Net: NetName=MOSI/D1 Pin=P13-2
Added Pin To Net: NetName=MOSI/D1 Pin=u1-76
Added Net: Name=MOSI/D1
Added Pin To Net: NetName=NetBuzzer1_2 Pin=Buzzer1-2
Added Pin To Net: NetName=NetBuzzer1_2 Pin=D1-2
Added Pin To Net: NetName=NetBuzzer1_2 Pin=Q1-3
Added Net: Name=NetBuzzer1_2
Added Pin To Net: NetName=NetC27_1 Pin=C27-1
Added Pin To Net: NetName=NetC27_1 Pin=C28-1
Added Pin To Net: NetName=NetC27_1 Pin=F1-1
Added Pin To Net: NetName=NetC27_1 Pin=R18-1
Added Pin To Net: NetName=NetC27_1 Pin=U2-2
Added Net: Name=NetC27_1
Added Pin To Net: NetName=NetLED1_1 Pin=LED1-1
Added Pin To Net: NetName=NetLED1_1 Pin=R18-2
Added Net: Name=NetLED1_1
Added Pin To Net: NetName=NetLED2_1 Pin=LED2-1
Added Pin To Net: NetName=NetLED2_1 Pin=R20-1
Added Net: Name=NetLED2_1
Added Pin To Net: NetName=NetLED3_1 Pin=LED3-1
Added Pin To Net: NetName=NetLED3_1 Pin=R21-1
Added Net: Name=NetLED3_1
Added Pin To Net: NetName=NetLED4_1 Pin=LED4-1
Added Pin To Net: NetName=NetLED4_1 Pin=R22-1
Added Net: Name=NetLED4_1
Added Pin To Net: NetName=NetLED5_1 Pin=LED5-1
Added Pin To Net: NetName=NetLED5_1 Pin=R23-1
Added Net: Name=NetLED5_1
Added Pin To Net: NetName=NetLED6_1 Pin=LED6-1
Added Pin To Net: NetName=NetLED6_1 Pin=R24-1
Added Net: Name=NetLED6_1
Added Pin To Net: NetName=NetLED7_1 Pin=LED7-1
Added Pin To Net: NetName=NetLED7_1 Pin=R25-1
Added Net: Name=NetLED7_1
Added Pin To Net: NetName=NetLED8_1 Pin=LED8-1
Added Pin To Net: NetName=NetLED8_1 Pin=R26-1
Added Net: Name=NetLED8_1
Added Pin To Net: NetName=NetLED9_1 Pin=LED9-1
Added Pin To Net: NetName=NetLED9_1 Pin=R27-1
Added Net: Name=NetLED9_1
Added Pin To Net: NetName=NetLED10_1 Pin=LED10-1
Added Pin To Net: NetName=NetLED10_1 Pin=R28-1
Added Net: Name=NetLED10_1
Added Pin To Net: NetName=NetLED11_1 Pin=LED11-1
Added Pin To Net: NetName=NetLED11_1 Pin=R29-1
Added Net: Name=NetLED11_1
Added Pin To Net: NetName=NetLM1_3 Pin=LM1-3
Added Pin To Net: NetName=NetLM1_3 Pin=R7-2
Added Pin To Net: NetName=NetLM1_3 Pin=R8-1
Added Net: Name=NetLM1_3
Added Pin To Net: NetName=NetLM1_5 Pin=LM1-5
Added Pin To Net: NetName=NetLM1_5 Pin=R10-2
Added Pin To Net: NetName=NetLM1_5 Pin=R11-1
Added Net: Name=NetLM1_5
Added Pin To Net: NetName=NetLM1_10 Pin=LM1-10
Added Pin To Net: NetName=NetLM1_10 Pin=R9-2
Added Pin To Net: NetName=NetLM1_10 Pin=R12-1
Added Net: Name=NetLM1_10
Added Pin To Net: NetName=NetLM1_12 Pin=LM1-12
Added Pin To Net: NetName=NetLM1_12 Pin=R5-2
Added Pin To Net: NetName=NetLM1_12 Pin=R6-2
Added Net: Name=NetLM1_12
Added Pin To Net: NetName=NetQ1_2 Pin=Q1-2
Added Pin To Net: NetName=NetQ1_2 Pin=R13-2
Added Pin To Net: NetName=NetQ1_2 Pin=R16-2
Added Net: Name=NetQ1_2
Added Pin To Net: NetName=NetR14_1 Pin=R14-1
Added Pin To Net: NetName=NetR14_1 Pin=TJA1-7
Added Net: Name=NetR14_1
Added Pin To Net: NetName=NetR15_1 Pin=R15-1
Added Pin To Net: NetName=NetR15_1 Pin=TJA1-6
Added Net: Name=NetR15_1
Added Pin To Net: NetName=NetR19_1 Pin=R19-1
Added Pin To Net: NetName=NetR19_1 Pin=RGB1-2
Added Net: Name=NetR19_1
Added Pin To Net: NetName=NetR30_2 Pin=R30-2
Added Pin To Net: NetName=NetR30_2 Pin=RGB1-3
Added Net: Name=NetR30_2
Added Pin To Net: NetName=NetR31_2 Pin=R31-2
Added Pin To Net: NetName=NetR31_2 Pin=RGB1-4
Added Net: Name=NetR31_2
Added Pin To Net: NetName=NRST Pin=C4-1
Added Pin To Net: NetName=NRST Pin=KEY1-3
Added Pin To Net: NetName=NRST Pin=KEY1-4
Added Pin To Net: NetName=NRST Pin=R2-1
Added Pin To Net: NetName=NRST Pin=u1-25
Added Net: Name=NRST
Added Pin To Net: NetName=OSC_IN Pin=C1-1
Added Pin To Net: NetName=OSC_IN Pin=R1-2
Added Pin To Net: NetName=OSC_IN Pin=u1-23
Added Pin To Net: NetName=OSC_IN Pin=x1-1
Added Net: Name=OSC_IN
Added Pin To Net: NetName=OSC_OUT Pin=C3-1
Added Pin To Net: NetName=OSC_OUT Pin=R1-1
Added Pin To Net: NetName=OSC_OUT Pin=u1-24
Added Pin To Net: NetName=OSC_OUT Pin=x1-2
Added Net: Name=OSC_OUT
Added Pin To Net: NetName=RES Pin=P9-5
Added Pin To Net: NetName=RES Pin=u1-77
Added Net: Name=RES
Added Pin To Net: NetName=RGB_B Pin=R19-2
Added Pin To Net: NetName=RGB_B Pin=R31-1
Added Pin To Net: NetName=RGB_B Pin=u1-66
Added Pin To Net: NetName=RGB_B Pin=u1-67
Added Net: Name=RGB_B
Added Pin To Net: NetName=RGB_R Pin=R30-1
Added Pin To Net: NetName=RGB_R Pin=u1-64
Added Net: Name=RGB_R
Added Pin To Net: NetName=SCK/D0 Pin=P9-3
Added Pin To Net: NetName=SCK/D0 Pin=P13-4
Added Pin To Net: NetName=SCK/D0 Pin=u1-74
Added Net: Name=SCK/D0
Added Pin To Net: NetName=SPI1_MISO Pin=P16-3
Added Pin To Net: NetName=SPI1_MISO Pin=u1-42
Added Net: Name=SPI1_MISO
Added Pin To Net: NetName=SPI1_MOSI Pin=P16-2
Added Pin To Net: NetName=SPI1_MOSI Pin=u1-43
Added Net: Name=SPI1_MOSI
Added Pin To Net: NetName=SPI1_NSS Pin=P16-5
Added Pin To Net: NetName=SPI1_NSS Pin=u1-40
Added Net: Name=SPI1_NSS
Added Pin To Net: NetName=SPI1_SCK Pin=P16-4
Added Pin To Net: NetName=SPI1_SCK Pin=u1-41
Added Net: Name=SPI1_SCK
Added Pin To Net: NetName=SPI2_MISO Pin=P13-3
Added Pin To Net: NetName=SPI2_MISO Pin=u1-75
Added Net: Name=SPI2_MISO
Added Pin To Net: NetName=SPI2_NSS Pin=P13-5
Added Pin To Net: NetName=SPI2_NSS Pin=u1-73
Added Net: Name=SPI2_NSS
Added Pin To Net: NetName=SWCLK Pin=P1-1
Added Pin To Net: NetName=SWCLK Pin=u1-109
Added Net: Name=SWCLK
Added Pin To Net: NetName=SWDIO Pin=P1-2
Added Pin To Net: NetName=SWDIO Pin=u1-105
Added Net: Name=SWDIO
Added Pin To Net: NetName=TIM3_CH1 Pin=P5-1
Added Pin To Net: NetName=TIM3_CH1 Pin=u1-134
Added Net: Name=TIM3_CH1
Added Pin To Net: NetName=TIM3_CH2 Pin=P5-2
Added Pin To Net: NetName=TIM3_CH2 Pin=u1-135
Added Net: Name=TIM3_CH2
Added Pin To Net: NetName=TIM3_CH3 Pin=P5-3
Added Pin To Net: NetName=TIM3_CH3 Pin=u1-46
Added Net: Name=TIM3_CH3
Added Pin To Net: NetName=TIM3_CH4 Pin=P5-4
Added Pin To Net: NetName=TIM3_CH4 Pin=u1-47
Added Net: Name=TIM3_CH4
Added Pin To Net: NetName=TIM4_CH1 Pin=P2-1
Added Pin To Net: NetName=TIM4_CH1 Pin=u1-81
Added Net: Name=TIM4_CH1
Added Pin To Net: NetName=TIM4_CH2 Pin=P2-2
Added Pin To Net: NetName=TIM4_CH2 Pin=u1-82
Added Net: Name=TIM4_CH2
Added Pin To Net: NetName=TIM4_CH3 Pin=P2-3
Added Pin To Net: NetName=TIM4_CH3 Pin=u1-85
Added Net: Name=TIM4_CH3
Added Pin To Net: NetName=TIM4_CH4 Pin=P2-4
Added Pin To Net: NetName=TIM4_CH4 Pin=u1-86
Added Net: Name=TIM4_CH4
Added Pin To Net: NetName=TIM5_CH1 Pin=P2-5
Added Pin To Net: NetName=TIM5_CH1 Pin=u1-34
Added Net: Name=TIM5_CH1
Added Pin To Net: NetName=TIM5_CH2 Pin=P2-6
Added Pin To Net: NetName=TIM5_CH2 Pin=u1-35
Added Net: Name=TIM5_CH2
Added Pin To Net: NetName=TIM5_CH3 Pin=P2-7
Added Pin To Net: NetName=TIM5_CH3 Pin=u1-36
Added Net: Name=TIM5_CH3
Added Pin To Net: NetName=TIM5_CH4 Pin=P2-8
Added Pin To Net: NetName=TIM5_CH4 Pin=u1-37
Added Net: Name=TIM5_CH4
Added Pin To Net: NetName=TIM8_CH1 Pin=P5-5
Added Pin To Net: NetName=TIM8_CH1 Pin=u1-96
Added Net: Name=TIM8_CH1
Added Pin To Net: NetName=TIM8_CH2 Pin=P5-6
Added Pin To Net: NetName=TIM8_CH2 Pin=u1-97
Added Net: Name=TIM8_CH2
Added Pin To Net: NetName=TIM8_CH3 Pin=P5-7
Added Pin To Net: NetName=TIM8_CH3 Pin=u1-98
Added Net: Name=TIM8_CH3
Added Pin To Net: NetName=TIM8_CH4 Pin=P5-8
Added Pin To Net: NetName=TIM8_CH4 Pin=u1-99
Added Net: Name=TIM8_CH4
Added Pin To Net: NetName=UART4_RX Pin=P14-2
Added Pin To Net: NetName=UART4_RX Pin=u1-112
Added Net: Name=UART4_RX
Added Pin To Net: NetName=UART4_TX Pin=P14-3
Added Pin To Net: NetName=UART4_TX Pin=u1-111
Added Net: Name=UART4_TX
Added Pin To Net: NetName=UART5_RX Pin=P18-2
Added Pin To Net: NetName=UART5_RX Pin=u1-116
Added Net: Name=UART5_RX
Added Pin To Net: NetName=UART5_TX Pin=P18-3
Added Pin To Net: NetName=UART5_TX Pin=u1-113
Added Net: Name=UART5_TX
Added Pin To Net: NetName=USART1_RX Pin=P12-2
Added Pin To Net: NetName=USART1_RX Pin=u1-102
Added Net: Name=USART1_RX
Added Pin To Net: NetName=USART1_TX Pin=P12-3
Added Pin To Net: NetName=USART1_TX Pin=P17-3
Added Pin To Net: NetName=USART1_TX Pin=u1-101
Added Net: Name=USART1_TX
Added Pin To Net: NetName=USART2_RX Pin=P17-2
Added Pin To Net: NetName=USART2_RX Pin=u1-122
Added Net: Name=USART2_RX
Added Pin To Net: NetName=USART2_TX Pin=u1-119
Added Net: Name=USART2_TX
Added Pin To Net: NetName=VCC_IN Pin=F1-2
Added Pin To Net: NetName=VCC_IN Pin=P20-1
Added Net: Name=VCC_IN
Added Pin To Net: NetName=VCC Pin=Buzzer1-1
Added Pin To Net: NetName=VCC Pin=C2-2
Added Pin To Net: NetName=VCC Pin=C5-2
Added Pin To Net: NetName=VCC Pin=C6-2
Added Pin To Net: NetName=VCC Pin=C7-1
Added Pin To Net: NetName=VCC Pin=C10-2
Added Pin To Net: NetName=VCC Pin=C11-2
Added Pin To Net: NetName=VCC Pin=C12-2
Added Pin To Net: NetName=VCC Pin=C13-2
Added Pin To Net: NetName=VCC Pin=C14-2
Added Pin To Net: NetName=VCC Pin=C15-2
Added Pin To Net: NetName=VCC Pin=C16-2
Added Pin To Net: NetName=VCC Pin=C17-2
Added Pin To Net: NetName=VCC Pin=C18-2
Added Pin To Net: NetName=VCC Pin=C19-2
Added Pin To Net: NetName=VCC Pin=C20-2
Added Pin To Net: NetName=VCC Pin=C21-2
Added Pin To Net: NetName=VCC Pin=C22-2
Added Pin To Net: NetName=VCC Pin=C23-2
Added Pin To Net: NetName=VCC Pin=C24-2
Added Pin To Net: NetName=VCC Pin=C25-1
Added Pin To Net: NetName=VCC Pin=C26-1
Added Pin To Net: NetName=VCC Pin=D1-1
Added Pin To Net: NetName=VCC Pin=LM1-4
Added Pin To Net: NetName=VCC Pin=P1-4
Added Pin To Net: NetName=VCC Pin=P3-1
Added Pin To Net: NetName=VCC Pin=P3-2
Added Pin To Net: NetName=VCC Pin=P3-3
Added Pin To Net: NetName=VCC Pin=P3-4
Added Pin To Net: NetName=VCC Pin=P3-5
Added Pin To Net: NetName=VCC Pin=P3-6
Added Pin To Net: NetName=VCC Pin=P3-7
Added Pin To Net: NetName=VCC Pin=P3-8
Added Pin To Net: NetName=VCC Pin=P6-1
Added Pin To Net: NetName=VCC Pin=P6-2
Added Pin To Net: NetName=VCC Pin=P6-3
Added Pin To Net: NetName=VCC Pin=P6-4
Added Pin To Net: NetName=VCC Pin=P6-5
Added Pin To Net: NetName=VCC Pin=P6-6
Added Pin To Net: NetName=VCC Pin=P6-7
Added Pin To Net: NetName=VCC Pin=P6-8
Added Pin To Net: NetName=VCC Pin=P9-2
Added Pin To Net: NetName=VCC Pin=P12-1
Added Pin To Net: NetName=VCC Pin=P13-1
Added Pin To Net: NetName=VCC Pin=P14-1
Added Pin To Net: NetName=VCC Pin=P15-1
Added Pin To Net: NetName=VCC Pin=P16-1
Added Pin To Net: NetName=VCC Pin=P17-1
Added Pin To Net: NetName=VCC Pin=P18-1
Added Pin To Net: NetName=VCC Pin=P19-1
Added Pin To Net: NetName=VCC Pin=R2-2
Added Pin To Net: NetName=VCC Pin=R3-2
Added Pin To Net: NetName=VCC Pin=R4-1
Added Pin To Net: NetName=VCC Pin=RGB1-1
Added Pin To Net: NetName=VCC Pin=TJA1-2
Added Pin To Net: NetName=VCC Pin=u1-17
Added Pin To Net: NetName=VCC Pin=u1-32
Added Pin To Net: NetName=VCC Pin=u1-33
Added Pin To Net: NetName=VCC Pin=u1-39
Added Pin To Net: NetName=VCC Pin=u1-52
Added Pin To Net: NetName=VCC Pin=u1-62
Added Pin To Net: NetName=VCC Pin=u1-72
Added Pin To Net: NetName=VCC Pin=u1-84
Added Pin To Net: NetName=VCC Pin=u1-95
Added Pin To Net: NetName=VCC Pin=u1-108
Added Pin To Net: NetName=VCC Pin=u1-121
Added Pin To Net: NetName=VCC Pin=u1-131
Added Pin To Net: NetName=VCC Pin=u1-144
Added Pin To Net: NetName=VCC Pin=U2-3
Added Net: Name=VCC
Added Pin To Net: NetName=XIT15 Pin=u1-132
Added Net: Name=XIT15
Added Class: Name=Sheet3
Added Class: Name=Sheet4
