Change Component Designator: Old Designator=Buzzer1 New Designator=Buzzer?
Change Component Designator: Old Designator=C5 New Designator=C?
Change Component Designator: Old Designator=C6 New Designator=C?
Change Component Designator: Old Designator=C7 New Designator=C?
Change Component Designator: Old Designator=C8 New Designator=C?
Change Component Designator: Old Designator=C9 New Designator=C?
Change Component Designator: Old Designator=C10 New Designator=C?
Change Component Designator: Old Designator=C11 New Designator=C?
Change Component Designator: Old Designator=C12 New Designator=C?
Change Component Designator: Old Designator=C13 New Designator=C?
Change Component Designator: Old Designator=C14 New Designator=C?
Change Component Designator: Old Designator=C15 New Designator=C?
Change Component Designator: Old Designator=C16 New Designator=C?
Change Component Designator: Old Designator=C17 New Designator=C?
Change Component Designator: Old Designator=C18 New Designator=C?
Change Component Designator: Old Designator=C19 New Designator=C?
Change Component Designator: Old Designator=C20 New Designator=C?
Change Component Designator: Old Designator=C21 New Designator=C?
Change Component Designator: Old Designator=C22 New Designator=C?
Change Component Designator: Old Designator=C23 New Designator=C?
Change Component Designator: Old Designator=C24 New Designator=C?
Change Component Designator: Old Designator=C25 New Designator=C?
Change Component Designator: Old Designator=C26 New Designator=C?
Change Component Designator: Old Designator=C27 New Designator=C?
Change Component Designator: Old Designator=D1 New Designator=D?
Change Component Designator: Old Designator=F1 New Designator=F?
Change Component Designator: Old Designator=LED1 New Designator=LED?
Change Component Designator: Old Designator=LED2 New Designator=LED?
Change Component Designator: Old Designator=LED3 New Designator=LED?
Change Component Designator: Old Designator=LED4 New Designator=LED?
Change Component Designator: Old Designator=LED5 New Designator=LED?
Change Component Designator: Old Designator=LED6 New Designator=LED?
Change Component Designator: Old Designator=LED7 New Designator=LED?
Change Component Designator: Old Designator=LED8 New Designator=LED?
Change Component Designator: Old Designator=LED9 New Designator=LED?
Change Component Designator: Old Designator=LED10 New Designator=LED?
Change Component Designator: Old Designator=LED11 New Designator=LED?
Change Component Designator: Old Designator=P2 New Designator=P?
Change Component Designator: Old Designator=P10 New Designator=P?
Change Component Designator: Old Designator=P11 New Designator=P?
Change Component Designator: Old Designator=P12 New Designator=P?
Change Component Designator: Old Designator=P13 New Designator=P?
Change Component Designator: Old Designator=P14 New Designator=P?
Change Component Designator: Old Designator=P15 New Designator=P?
Change Component Designator: Old Designator=P16 New Designator=P?
Change Component Designator: Old Designator=P17 New Designator=P?
Change Component Designator: Old Designator=P19 New Designator=P?
Change Component Designator: Old Designator=P21 New Designator=P?
Change Component Designator: Old Designator=Q1 New Designator=Q?
Change Component Designator: Old Designator=R6 New Designator=R?
Change Component Designator: Old Designator=R7 New Designator=R?
Change Component Designator: Old Designator=R8 New Designator=R?
Change Component Designator: Old Designator=R9 New Designator=R?
Change Component Designator: Old Designator=R10 New Designator=R?
Change Component Designator: Old Designator=R18 New Designator=R?
Change Component Designator: Old Designator=R19 New Designator=R?
Change Component Designator: Old Designator=R20 New Designator=R?
Change Component Designator: Old Designator=R21 New Designator=R?
Change Component Designator: Old Designator=R22 New Designator=R?
Change Component Designator: Old Designator=R23 New Designator=R?
Change Component Designator: Old Designator=R24 New Designator=R?
Change Component Designator: Old Designator=R25 New Designator=R?
Change Component Designator: Old Designator=R26 New Designator=R?
Change Component Designator: Old Designator=R27 New Designator=R?
Change Component Designator: Old Designator=R28 New Designator=R?
Change Component Designator: Old Designator=R29 New Designator=R?
Change Component Designator: Old Designator=R30 New Designator=R?
Change Component Designator: Old Designator=R31 New Designator=R?
Change Component Designator: Old Designator=RGB1 New Designator=RGB?
Change Component Designator: Old Designator=TJA1 New Designator=TJA?
Change Component Designator: Old Designator=U2 New Designator=U?
