Removed Pin From Net: NetName=ADC_CH4 Pin=R4-1
Removed Pin From Net: NetName=ADC_CH2 Pin=R12-2
Added Component: Designator=LM1(LM324)
Add component. Clean all parameters for all variants
Added Component: Designator=LM2(LM324)
Add component. Clean all parameters for all variants
Added Component: Designator=P6(HDR1X8)
Add component. Clean all parameters for all variants
Add component (AddParameter): Name = "LatestRevisionDate"; Value = "17-Jul-2002"; VariantName = "[No Variations]"
Add component (AddParameter): Name = "LatestRevisionNote"; Value = "Re-released for DXP Platform."; VariantName = "[No Variations]"
Add component (AddParameter): Name = "Publisher"; Value = "Altium Limited"; VariantName = "[No Variations]"
Added Pin To Net: NetName=ADC3_9 Pin=LM1-1
Added Pin To Net: NetName=ADC3_9 Pin=LM1-2
Added Pin To Net: NetName=NetLM1_3 Pin=LM1-3
Added Pin To Net: NetName=VCC Pin=LM1-4
Added Pin To Net: NetName=NetLM1_5 Pin=LM1-5
Added Pin To Net: NetName=ADC3_4 Pin=LM1-6
Added Pin To Net: NetName=ADC3_4 Pin=LM1-7
Added Pin To Net: NetName=ADC3_15 Pin=LM1-8
Added Pin To Net: NetName=ADC3_15 Pin=LM1-9
Added Pin To Net: NetName=NetLM1_10 Pin=LM1-10
Added Pin To Net: NetName=GND Pin=LM1-11
Added Pin To Net: NetName=NetLM1_12 Pin=LM1-12
Added Pin To Net: NetName=ADC3_14 Pin=LM1-13
Added Pin To Net: NetName=ADC3_14 Pin=LM1-14
Added Pin To Net: NetName=ADC3_5 Pin=LM2-1
Added Pin To Net: NetName=ADC3_5 Pin=LM2-2
Added Pin To Net: NetName=NetLM2_3 Pin=LM2-3
Added Pin To Net: NetName=VCC Pin=LM2-4
Added Pin To Net: NetName=NetLM2_5 Pin=LM2-5
Added Pin To Net: NetName=ADC3_8 Pin=LM2-6
Added Pin To Net: NetName=ADC3_8 Pin=LM2-7
Added Pin To Net: NetName=ADC3_7 Pin=LM2-8
Added Pin To Net: NetName=ADC3_7 Pin=LM2-9
Added Pin To Net: NetName=NetLM2_10 Pin=LM2-10
Added Pin To Net: NetName=GND Pin=LM2-11
Added Pin To Net: NetName=NetLM2_12 Pin=LM2-12
Added Pin To Net: NetName=ADC3_6 Pin=LM2-13
Added Pin To Net: NetName=ADC3_6 Pin=LM2-14
Added Pin To Net: NetName=ADC_CH1 Pin=P6-1
Added Pin To Net: NetName=ADC_CH2 Pin=P6-2
Added Pin To Net: NetName=ADC_CH3 Pin=P6-3
Added Pin To Net: NetName=ADC_CH4 Pin=P6-4
Added Pin To Net: NetName=ADC_CH5 Pin=P6-5
Added Pin To Net: NetName=ADC_CH6 Pin=P6-6
Added Pin To Net: NetName=ADC_CH7 Pin=P6-7
Added Pin To Net: NetName=ADC_CH8 Pin=P6-8
Added Pin To Net: NetName=ADC_CH2 Pin=R4-1
Added Pin To Net: NetName=ADC_CH4 Pin=R12-2
Added Member To Class: ClassName=Sheet1 Member=Component LM1 LM324
Added Member To Class: ClassName=Sheet1 Member=Component LM2 LM324
Added Member To Class: ClassName=Sheet1 Member=Component P6 Header 8
