Removed Pin From Net: NetName=VCCM Pin=C17-2
Removed Pin From Net: NetName=VCCM Pin=C18-2
Removed Pin From Net: NetName=VCCM Pin=C19-2
Removed Pin From Net: NetName=VCCM Pin=C20-2
Removed Pin From Net: NetName=VCCM Pin=C21-2
Removed Pin From Net: NetName=VCCM Pin=C22-2
Removed Pin From Net: NetName=VCCM Pin=C23-2
Removed Pin From Net: NetName=VCCM Pin=C24-2
Removed Pin From Net: NetName=VCCM Pin=C25-2
Removed Pin From Net: NetName=VCCM Pin=C26-2
Removed Pin From Net: NetName=VCCM Pin=C27-2
Removed Pin From Net: NetName=VCCM Pin=C28-2
Removed Pin From Net: NetName=VCCM Pin=C29-2
Removed Pin From Net: NetName=VCC Pin=R39-1
Removed Pin From Net: NetName=VCCM Pin=R39-2
Removed Member From Class: ClassName=Sheet1 Member=R39
Added Pin To Net: NetName=VCC Pin=C17-2
Added Pin To Net: NetName=VCC Pin=C18-2
Added Pin To Net: NetName=VCC Pin=C19-2
Added Pin To Net: NetName=VCC Pin=C20-2
Added Pin To Net: NetName=VCC Pin=C21-2
Added Pin To Net: NetName=VCC Pin=C22-2
Added Pin To Net: NetName=VCC Pin=C23-2
Added Pin To Net: NetName=VCC Pin=C24-2
Added Pin To Net: NetName=VCC Pin=C25-2
Added Pin To Net: NetName=VCC Pin=C26-2
Added Pin To Net: NetName=VCC Pin=C27-2
Added Pin To Net: NetName=VCC Pin=C28-2
Added Pin To Net: NetName=VCC Pin=C29-2
