Added Component: Designator=LM1(LM324)
Add component. Clean all parameters for all variants
Added Component: Designator=LM2(LM324)
Add component. Clean all parameters for all variants
Added Component: Designator=P6(HDR1X8)
Add component. Clean all parameters for all variants
Add component (AddParameter): Name = "LatestRevisionDate"; Value = "17-Jul-2002"; VariantName = "[No Variations]"
Add component (AddParameter): Name = "LatestRevisionNote"; Value = "Re-released for DXP Platform."; VariantName = "[No Variations]"
Add component (AddParameter): Name = "Publisher"; Value = "Altium Limited"; VariantName = "[No Variations]"
Added Component: Designator=R4(0402)
Add component. Clean all parameters for all variants
Added Component: Designator=R5(0402)
Add component. Clean all parameters for all variants
Added Component: Designator=R6(0402)
Add component. Clean all parameters for all variants
Added Component: Designator=R7(0402)
Add component. Clean all parameters for all variants
Added Component: Designator=R8(0402)
Add component. Clean all parameters for all variants
Added Component: Designator=R9(0402)
Add component. Clean all parameters for all variants
Added Component: Designator=R12(0402)
Add component. Clean all parameters for all variants
Added Component: Designator=R13(0402)
Add component. Clean all parameters for all variants
Added Component: Designator=R14(0402)
Add component. Clean all parameters for all variants
Added Component: Designator=R15(0402)
Add component. Clean all parameters for all variants
Added Component: Designator=R16(0402)
Add component. Clean all parameters for all variants
Added Component: Designator=R17(0402)
Add component. Clean all parameters for all variants
Added Component: Designator=R18(0402)
Add component. Clean all parameters for all variants
Added Component: Designator=R19(0402)
Add component. Clean all parameters for all variants
Added Component: Designator=R20(0402)
Add component. Clean all parameters for all variants
Added Component: Designator=R21(0402)
Add component. Clean all parameters for all variants
Added Pin To Net: NetName=ADC3_14 Pin=LM1-1
Added Pin To Net: NetName=ADC3_14 Pin=LM1-2
Added Pin To Net: NetName=NetLM1_3 Pin=LM1-3
Added Pin To Net: NetName=VCC Pin=LM1-4
Added Pin To Net: NetName=NetLM1_5 Pin=LM1-5
Added Pin To Net: NetName=ADC3_4 Pin=LM1-6
Added Pin To Net: NetName=ADC3_4 Pin=LM1-7
Added Pin To Net: NetName=ADC3_15 Pin=LM1-8
Added Pin To Net: NetName=ADC3_15 Pin=LM1-9
Added Pin To Net: NetName=NetLM1_10 Pin=LM1-10
Added Pin To Net: NetName=GND Pin=LM1-11
Added Pin To Net: NetName=NetLM1_12 Pin=LM1-12
Added Pin To Net: NetName=ADC3_9 Pin=LM1-13
Added Pin To Net: NetName=ADC3_9 Pin=LM1-14
Added Pin To Net: NetName=ADC3_5 Pin=LM2-1
Added Pin To Net: NetName=ADC3_5 Pin=LM2-2
Added Pin To Net: NetName=NetLM2_3 Pin=LM2-3
Added Pin To Net: NetName=VCC Pin=LM2-4
Added Pin To Net: NetName=NetLM2_5 Pin=LM2-5
Added Pin To Net: NetName=ADC3_8 Pin=LM2-6
Added Pin To Net: NetName=ADC3_8 Pin=LM2-7
Added Pin To Net: NetName=ADC3_7 Pin=LM2-8
Added Pin To Net: NetName=ADC3_7 Pin=LM2-9
Added Pin To Net: NetName=NetLM2_10 Pin=LM2-10
Added Pin To Net: NetName=GND Pin=LM2-11
Added Pin To Net: NetName=NetLM2_12 Pin=LM2-12
Added Pin To Net: NetName=ADC3_6 Pin=LM2-13
Added Pin To Net: NetName=ADC3_6 Pin=LM2-14
Added Pin To Net: NetName=ADC_CH1 Pin=P6-1
Added Pin To Net: NetName=ADC_CH2 Pin=P6-2
Added Pin To Net: NetName=ADC_CH3 Pin=P6-3
Added Pin To Net: NetName=ADC_CH4 Pin=P6-4
Added Pin To Net: NetName=ADC_CH5 Pin=P6-5
Added Pin To Net: NetName=ADC_CH6 Pin=P6-6
Added Pin To Net: NetName=ADC_CH7 Pin=P6-7
Added Pin To Net: NetName=ADC_CH8 Pin=P6-8
Added Pin To Net: NetName=ADC_CH4 Pin=R4-1
Added Pin To Net: NetName=NetLM1_12 Pin=R4-2
Added Pin To Net: NetName=GND Pin=R5-1
Added Pin To Net: NetName=NetLM1_12 Pin=R5-2
Added Pin To Net: NetName=GND Pin=R6-1
Added Pin To Net: NetName=NetLM1_3 Pin=R6-2
Added Pin To Net: NetName=NetLM1_3 Pin=R7-1
Added Pin To Net: NetName=ADC_CH1 Pin=R7-2
Added Pin To Net: NetName=GND Pin=R8-1
Added Pin To Net: NetName=NetLM1_10 Pin=R8-2
Added Pin To Net: NetName=GND Pin=R9-1
Added Pin To Net: NetName=NetLM1_5 Pin=R9-2
Added Pin To Net: NetName=NetLM1_5 Pin=R12-1
Added Pin To Net: NetName=ADC_CH2 Pin=R12-2
Added Pin To Net: NetName=NetLM1_10 Pin=R13-1
Added Pin To Net: NetName=ADC_CH3 Pin=R13-2
Added Pin To Net: NetName=ADC_CH8 Pin=R14-1
Added Pin To Net: NetName=NetLM2_12 Pin=R14-2
Added Pin To Net: NetName=GND Pin=R15-1
Added Pin To Net: NetName=NetLM2_12 Pin=R15-2
Added Pin To Net: NetName=GND Pin=R16-1
Added Pin To Net: NetName=NetLM2_3 Pin=R16-2
Added Pin To Net: NetName=NetLM2_3 Pin=R17-1
Added Pin To Net: NetName=ADC_CH5 Pin=R17-2
Added Pin To Net: NetName=GND Pin=R18-1
Added Pin To Net: NetName=NetLM2_10 Pin=R18-2
Added Pin To Net: NetName=GND Pin=R19-1
Added Pin To Net: NetName=NetLM2_5 Pin=R19-2
Added Pin To Net: NetName=NetLM2_5 Pin=R20-1
Added Pin To Net: NetName=ADC_CH6 Pin=R20-2
Added Pin To Net: NetName=NetLM2_10 Pin=R21-1
Added Pin To Net: NetName=ADC_CH7 Pin=R21-2
Added Member To Class: ClassName=Sheet1 Member=Component LM1 LM324
Added Member To Class: ClassName=Sheet1 Member=Component LM2 LM324
Added Member To Class: ClassName=Sheet1 Member=Component P6 Header 8
Added Member To Class: ClassName=Sheet1 Member=Component R4 100K
Added Member To Class: ClassName=Sheet1 Member=Component R5 100K
Added Member To Class: ClassName=Sheet1 Member=Component R6 100K
Added Member To Class: ClassName=Sheet1 Member=Component R7 100K
Added Member To Class: ClassName=Sheet1 Member=Component R8 100K
Added Member To Class: ClassName=Sheet1 Member=Component R9 100K
Added Member To Class: ClassName=Sheet1 Member=Component R12 100K
Added Member To Class: ClassName=Sheet1 Member=Component R13 100K
Added Member To Class: ClassName=Sheet1 Member=Component R14 100K
Added Member To Class: ClassName=Sheet1 Member=Component R15 100K
Added Member To Class: ClassName=Sheet1 Member=Component R16 100K
Added Member To Class: ClassName=Sheet1 Member=Component R17 100K
Added Member To Class: ClassName=Sheet1 Member=Component R18 100K
Added Member To Class: ClassName=Sheet1 Member=Component R19 100K
Added Member To Class: ClassName=Sheet1 Member=Component R20 100K
Added Member To Class: ClassName=Sheet1 Member=Component R21 100K
