Added Component: Designator=R27(0402)
Add component. Clean all parameters for all variants
Added Component: Designator=R28(0402)
Add component. Clean all parameters for all variants
Added Component: Designator=R29(0402)
Add component. Clean all parameters for all variants
Added Component: Designator=RGB1(RGB_LED)
Add component. Clean all parameters for all variants
Added Component: Designator=U1(STM32F103ZETx)
Add component. Clean all parameters for all variants
Added Pin To Net: NetName=TIM5_CH2_G Pin=R27-1
Added Pin To Net: NetName=NetR27_2 Pin=R27-2
Added Pin To Net: NetName=NetR28_1 Pin=R28-1
Added Pin To Net: NetName=TIM5_CH3_B Pin=R28-2
Added Pin To Net: NetName=TIM5_CH1_R Pin=R29-1
Added Pin To Net: NetName=NetR29_2 Pin=R29-2
Added Pin To Net: NetName=VCC Pin=RGB1-1
Added Pin To Net: NetName=NetR28_1 Pin=RGB1-2
Added Pin To Net: NetName=NetR29_2 Pin=RGB1-3
Added Pin To Net: NetName=NetR27_2 Pin=RGB1-4
Added Pin To Net: NetName=RLED_1 Pin=U1-1
Added Pin To Net: NetName=RLED_2 Pin=U1-2
Added Pin To Net: NetName=RLED_3 Pin=U1-3
Added Pin To Net: NetName=RLED_4 Pin=U1-4
Added Pin To Net: NetName=I2C2_SDA Pin=U1-10
Added Pin To Net: NetName=I2C2_SCL Pin=U1-11
Added Pin To Net: NetName=ADC3_9 Pin=U1-13
Added Pin To Net: NetName=ADC3_14 Pin=U1-14
Added Pin To Net: NetName=ADC3_15 Pin=U1-15
Added Pin To Net: NetName=GND Pin=U1-16
Added Pin To Net: NetName=VCC Pin=U1-17
Added Pin To Net: NetName=ADC3_4 Pin=U1-18
Added Pin To Net: NetName=ADC3_5 Pin=U1-19
Added Pin To Net: NetName=ADC3_6 Pin=U1-20
Added Pin To Net: NetName=ADC3_7 Pin=U1-21
Added Pin To Net: NetName=ADC3_8 Pin=U1-22
Added Pin To Net: NetName=OSC_IN Pin=U1-23
Added Pin To Net: NetName=OSC_OUT Pin=U1-24
Added Pin To Net: NetName=NRST Pin=U1-25
Added Pin To Net: NetName=VCC Pin=U1-30
Added Pin To Net: NetName=GND Pin=U1-31
Added Pin To Net: NetName=VDDA Pin=U1-32
Added Pin To Net: NetName=VDDA Pin=U1-33
Added Pin To Net: NetName=TIM5_CH3_B Pin=U1-34
Added Pin To Net: NetName=TIM5_CH2_G Pin=U1-35
Added Pin To Net: NetName=TIM5_CH1_R Pin=U1-36
Added Pin To Net: NetName=GND Pin=U1-38
Added Pin To Net: NetName=VCC Pin=U1-39
Added Pin To Net: NetName=SPI1_NSS Pin=U1-40
Added Pin To Net: NetName=SPI1_SCK Pin=U1-41
Added Pin To Net: NetName=SPI1_MISO Pin=U1-42
Added Pin To Net: NetName=SPI1_MOSI Pin=U1-43
Added Pin To Net: NetName=EXIT_0 Pin=U1-46
Added Pin To Net: NetName=EXIT_1 Pin=U1-47
Added Pin To Net: NetName=BOOT1 Pin=U1-48
Added Pin To Net: NetName=GND Pin=U1-51
Added Pin To Net: NetName=VCC Pin=U1-52
Added Pin To Net: NetName=EXIT_7 Pin=U1-58
Added Pin To Net: NetName=EXIT_8 Pin=U1-59
Added Pin To Net: NetName=EXIT_9 Pin=U1-60
Added Pin To Net: NetName=GND Pin=U1-61
Added Pin To Net: NetName=VCC Pin=U1-62
Added Pin To Net: NetName=EXIT_10 Pin=U1-63
Added Pin To Net: NetName=EXIT_11 Pin=U1-64
Added Pin To Net: NetName=EXIT_12 Pin=U1-65
Added Pin To Net: NetName=EXIT_13 Pin=U1-66
Added Pin To Net: NetName=EXIT_14 Pin=U1-67
Added Pin To Net: NetName=IRQ Pin=U1-69
Added Pin To Net: NetName=CE Pin=U1-70
Added Pin To Net: NetName=NetC16_2 Pin=U1-71
Added Pin To Net: NetName=VCC Pin=U1-72
Added Pin To Net: NetName=CSN Pin=U1-73
Added Pin To Net: NetName=SPI2_SCK Pin=U1-74
Added Pin To Net: NetName=SPI2_MISO Pin=U1-75
Added Pin To Net: NetName=SPI2_MOSI Pin=U1-76
Added Pin To Net: NetName=USART3_TX Pin=U1-77
Added Pin To Net: NetName=USART3_RX Pin=U1-78
Added Pin To Net: NetName=TIM4_CH1 Pin=U1-81
Added Pin To Net: NetName=TIM4_CH2 Pin=U1-82
Added Pin To Net: NetName=GND Pin=U1-83
Added Pin To Net: NetName=VCC Pin=U1-84
Added Pin To Net: NetName=TIM4_CH3 Pin=U1-85
Added Pin To Net: NetName=TIM4_CH4 Pin=U1-86
Added Pin To Net: NetName=GLED_4 Pin=U1-89
Added Pin To Net: NetName=GLED_3 Pin=U1-90
Added Pin To Net: NetName=GLED_2 Pin=U1-91
Added Pin To Net: NetName=GLED_1 Pin=U1-92
Added Pin To Net: NetName=GND Pin=U1-94
Added Pin To Net: NetName=VCC Pin=U1-95
Added Pin To Net: NetName=TIM3_CH1 Pin=U1-96
Added Pin To Net: NetName=TIM3_CH2 Pin=U1-97
Added Pin To Net: NetName=TIM3_CH3 Pin=U1-98
Added Pin To Net: NetName=TIM3_CH4 Pin=U1-99
Added Pin To Net: NetName=USART1_TX Pin=U1-101
Added Pin To Net: NetName=USART1_RX Pin=U1-102
Added Pin To Net: NetName=CAN_RX Pin=U1-103
Added Pin To Net: NetName=CAN_TX Pin=U1-104
Added Pin To Net: NetName=SWDIO Pin=U1-105
Added Pin To Net: NetName=NetC15_2 Pin=U1-106
Added Pin To Net: NetName=GND Pin=U1-107
Added Pin To Net: NetName=VCC Pin=U1-108
Added Pin To Net: NetName=SWCLK Pin=U1-109
Added Pin To Net: NetName=UART4_TX Pin=U1-111
Added Pin To Net: NetName=UART4_RX Pin=U1-112
Added Pin To Net: NetName=UART5_TX Pin=U1-113
Added Pin To Net: NetName=UART5_RX Pin=U1-116
Added Pin To Net: NetName=USART2_TX Pin=U1-119
Added Pin To Net: NetName=GND Pin=U1-120
Added Pin To Net: NetName=VCC Pin=U1-121
Added Pin To Net: NetName=USART2_RX Pin=U1-122
Added Pin To Net: NetName=CS Pin=U1-128
Added Pin To Net: NetName=DC Pin=U1-129
Added Pin To Net: NetName=GND Pin=U1-130
Added Pin To Net: NetName=VCC Pin=U1-131
Added Pin To Net: NetName=RES Pin=U1-132
Added Pin To Net: NetName=SPI3_CLK Pin=U1-133
Added Pin To Net: NetName=SPI3_MOSI Pin=U1-135
Added Pin To Net: NetName=I2C1_SCL Pin=U1-136
Added Pin To Net: NetName=I2C1_SDA Pin=U1-137
Added Pin To Net: NetName=BOOT0 Pin=U1-138
Added Pin To Net: NetName=Buzzer Pin=U1-139
Added Pin To Net: NetName=GND Pin=U1-143
Added Pin To Net: NetName=VCC Pin=U1-144
Change Net Name : Old Net Name=TIM5_CH1_R New Net Name=TIM5_CH3_R
Change Net Name : Old Net Name=TIM5_CH3_B New Net Name=TIM5_CH1_B
Added Member To Class: ClassName=Sheet1 Member=Component LM2 LM324
Added Member To Class: ClassName=Sheet1 Member=Component R17 100K
Added Member To Class: ClassName=Sheet1 Member=Component R19 100K
Added Member To Class: ClassName=Sheet1 Member=Component R27 47R
Added Member To Class: ClassName=Sheet1 Member=Component R28 47R
Added Member To Class: ClassName=Sheet1 Member=Component R29 68R
Added Member To Class: ClassName=Sheet1 Member=Component RGB1 RGB
Added Member To Class: ClassName=Sheet1 Member=Component U1 STM32F407ZGT6
